
> frontend@0.0.0 dev
> vite --host


  VITE v6.4.1  ready in 127 ms

  ➜  Local:   http://localhost:5173/
  ➜  Network: http://172.19.0.2:5173/
  ➜  Network: http://172.18.0.5:5173/

> frontend@0.0.0 dev
> vite --host


> frontend@0.0.0 dev
> vite --host


> frontend@0.0.0 dev
> vite --host


> frontend@0.0.0 dev
> vite --host


> frontend@0.0.0 dev
> vite --host


> frontend@0.0.0 dev
> vite --host


> frontend@0.0.0 dev
> vite --host


> frontend@0.0.0 dev
> vite --host


> frontend@0.0.0 dev
> vite --host


> frontend@0.0.0 dev
> vite --host


> frontend@0.0.0 dev
> vite --host


> frontend@0.0.0 dev
> vite --host


> frontend@0.0.0 dev
> vite --host


> frontend@0.0.0 dev
> vite --host


> frontend@0.0.0 dev
> vite --host


> frontend@0.0.0 dev
> vite --host


> frontend@0.0.0 dev
> vite --host


  VITE v6.4.1  ready in 120 ms

  ➜  Local:   http://localhost:5173/
  ➜  Network: http://172.18.0.3:5173/
  ➜  Network: http://172.19.0.3:5173/

> frontend@0.0.0 dev
> vite --host


  VITE v6.4.1  ready in 119 ms

  ➜  Local:   http://localhost:5173/
  ➜  Network: http://172.19.0.2:5173/
  ➜  Network: http://172.18.0.4:5173/

> frontend@0.0.0 dev
> vite --host


  VITE v6.4.1  ready in 120 ms

  ➜  Local:   http://localhost:5173/
  ➜  Network: http://172.19.0.2:5173/
  ➜  Network: http://172.18.0.4:5173/
11:06:27 PM [vite] (client) hmr update /src/App.tsx, /src/index.css
11:06:28 PM [vite] (client) hmr update /src/App.tsx, /src/index.css
11:06:33 PM [vite] (client) hmr update /src/App.tsx, /src/index.css
11:06:35 PM [vite] (client) hmr update /src/App.tsx, /src/index.css
11:06:37 PM [vite] (client) hmr update /src/App.tsx, /src/index.css
11:06:39 PM [vite] (client) hmr update /src/App.tsx, /src/index.css
11:06:40 PM [vite] (client) hmr update /src/App.tsx, /src/index.css
11:08:02 PM [vite] (client) hmr update /src/index.css, /src/pages/StoriaPage.tsx
11:08:36 PM [vite] (client) hmr update /src/index.css, /src/pages/StoriaPage.tsx
11:09:20 PM [vite] (client) hmr update /src/index.css, /src/pages/StoriaPage.tsx
11:09:27 PM [vite] (client) hmr update /src/index.css, /src/pages/StoriaPage.tsx
11:09:46 PM [vite] (client) hmr update /src/index.css, /src/pages/StoriaPage.tsx
11:09:50 PM [vite] (client) hmr update /src/index.css, /src/pages/StoriaPage.tsx
11:12:32 PM [vite] (client) hmr update /src/index.css, /src/pages/StoriaPage.tsx
11:12:35 PM [vite] (client) hmr update /src/index.css, /src/pages/StoriaPage.tsx
11:13:49 PM [vite] (client) hmr update /src/pages/StoriaPage.tsx, /src/index.css
11:17:07 PM [vite] (client) hmr update /src/index.css, /src/pages/StoriaPage.tsx
11:17:11 PM [vite] (client) hmr update /src/index.css, /src/pages/StoriaPage.tsx
11:17:15 PM [vite] (client) hmr update /src/index.css, /src/pages/StoriaPage.tsx
11:17:24 PM [vite] (client) hmr update /src/index.css, /src/pages/StoriaPage.tsx
11:18:20 PM [vite] (client) hmr update /src/index.css, /src/pages/StoriaPage.tsx
11:19:59 PM [vite] (client) hmr update /src/pages/StoriaPage.tsx, /src/index.css
5:58:21 AM [vite] (client) hmr update /src/pages/StoriaPage.tsx, /src/index.css
7:31:41 AM [vite] (client) hmr update /src/pages/DashboardPage.tsx, /src/index.css, /src/pages/GalleriaPage.tsx

> frontend@0.0.0 dev
> vite --host


  VITE v6.4.1  ready in 139 ms

  ➜  Local:   http://localhost:5173/
  ➜  Network: http://172.18.0.3:5173/
  ➜  Network: http://172.19.0.4:5173/
