error when starting dev server:
Error: Port 5173 is already in use
    at Server.onError (file:///var/www/html/frontend/node_modules/vite/dist/node/chunks/dep-D4NMHUTW.js:25023:18)
    at Server.emit (node:events:524:28)
    at emitErrorNT (node:net:1944:8)
    at process.processTicksAndRejections (node:internal/process/task_queues:82:21)
error when starting dev server:
Error: Port 5173 is already in use
    at Server.onError (file:///var/www/html/frontend/node_modules/vite/dist/node/chunks/dep-D4NMHUTW.js:25023:18)
    at Server.emit (node:events:524:28)
    at emitErrorNT (node:net:1944:8)
    at process.processTicksAndRejections (node:internal/process/task_queues:82:21)
error when starting dev server:
Error: Port 5173 is already in use
    at Server.onError (file:///var/www/html/frontend/node_modules/vite/dist/node/chunks/dep-D4NMHUTW.js:25023:18)
    at Server.emit (node:events:524:28)
    at emitErrorNT (node:net:1944:8)
    at process.processTicksAndRejections (node:internal/process/task_queues:82:21)
error when starting dev server:
Error: Port 5173 is already in use
    at Server.onError (file:///var/www/html/frontend/node_modules/vite/dist/node/chunks/dep-D4NMHUTW.js:25023:18)
    at Server.emit (node:events:524:28)
    at emitErrorNT (node:net:1944:8)
    at process.processTicksAndRejections (node:internal/process/task_queues:82:21)
error when starting dev server:
Error: Port 5173 is already in use
    at Server.onError (file:///var/www/html/frontend/node_modules/vite/dist/node/chunks/dep-D4NMHUTW.js:25023:18)
    at Server.emit (node:events:524:28)
    at emitErrorNT (node:net:1944:8)
    at process.processTicksAndRejections (node:internal/process/task_queues:82:21)
error when starting dev server:
Error: Port 5173 is already in use
    at Server.onError (file:///var/www/html/frontend/node_modules/vite/dist/node/chunks/dep-D4NMHUTW.js:25023:18)
    at Server.emit (node:events:524:28)
    at emitErrorNT (node:net:1944:8)
    at process.processTicksAndRejections (node:internal/process/task_queues:82:21)
error when starting dev server:
Error: Port 5173 is already in use
    at Server.onError (file:///var/www/html/frontend/node_modules/vite/dist/node/chunks/dep-D4NMHUTW.js:25023:18)
    at Server.emit (node:events:524:28)
    at emitErrorNT (node:net:1944:8)
    at process.processTicksAndRejections (node:internal/process/task_queues:82:21)
error when starting dev server:
Error: Port 5173 is already in use
    at Server.onError (file:///var/www/html/frontend/node_modules/vite/dist/node/chunks/dep-D4NMHUTW.js:25023:18)
    at Server.emit (node:events:524:28)
    at emitErrorNT (node:net:1944:8)
    at process.processTicksAndRejections (node:internal/process/task_queues:82:21)
error when starting dev server:
Error: Port 5173 is already in use
    at Server.onError (file:///var/www/html/frontend/node_modules/vite/dist/node/chunks/dep-D4NMHUTW.js:25023:18)
    at Server.emit (node:events:524:28)
    at emitErrorNT (node:net:1944:8)
    at process.processTicksAndRejections (node:internal/process/task_queues:82:21)
error when starting dev server:
Error: Port 5173 is already in use
    at Server.onError (file:///var/www/html/frontend/node_modules/vite/dist/node/chunks/dep-D4NMHUTW.js:25023:18)
    at Server.emit (node:events:524:28)
    at emitErrorNT (node:net:1944:8)
    at process.processTicksAndRejections (node:internal/process/task_queues:82:21)
error when starting dev server:
Error: Port 5173 is already in use
    at Server.onError (file:///var/www/html/frontend/node_modules/vite/dist/node/chunks/dep-D4NMHUTW.js:25023:18)
    at Server.emit (node:events:524:28)
    at emitErrorNT (node:net:1944:8)
    at process.processTicksAndRejections (node:internal/process/task_queues:82:21)
error when starting dev server:
Error: Port 5173 is already in use
    at Server.onError (file:///var/www/html/frontend/node_modules/vite/dist/node/chunks/dep-D4NMHUTW.js:25023:18)
    at Server.emit (node:events:524:28)
    at emitErrorNT (node:net:1944:8)
    at process.processTicksAndRejections (node:internal/process/task_queues:82:21)
error when starting dev server:
Error: Port 5173 is already in use
    at Server.onError (file:///var/www/html/frontend/node_modules/vite/dist/node/chunks/dep-D4NMHUTW.js:25023:18)
    at Server.emit (node:events:524:28)
    at emitErrorNT (node:net:1944:8)
    at process.processTicksAndRejections (node:internal/process/task_queues:82:21)
error when starting dev server:
Error: Port 5173 is already in use
    at Server.onError (file:///var/www/html/frontend/node_modules/vite/dist/node/chunks/dep-D4NMHUTW.js:25023:18)
    at Server.emit (node:events:524:28)
    at emitErrorNT (node:net:1944:8)
    at process.processTicksAndRejections (node:internal/process/task_queues:82:21)
error when starting dev server:
Error: Port 5173 is already in use
    at Server.onError (file:///var/www/html/frontend/node_modules/vite/dist/node/chunks/dep-D4NMHUTW.js:25023:18)
    at Server.emit (node:events:524:28)
    at emitErrorNT (node:net:1944:8)
    at process.processTicksAndRejections (node:internal/process/task_queues:82:21)
error when starting dev server:
Error: Port 5173 is already in use
    at Server.onError (file:///var/www/html/frontend/node_modules/vite/dist/node/chunks/dep-D4NMHUTW.js:25023:18)
    at Server.emit (node:events:524:28)
    at emitErrorNT (node:net:1944:8)
    at process.processTicksAndRejections (node:internal/process/task_queues:82:21)
11:06:37 PM [vite] Internal server error: /var/www/html/frontend/src/App.tsx: Unexpected token, expected "from" (15:0)

  13 |
  14 | // Inizializzazione del Query Client
> 15 | const queryClient = new QueryClient({
     | ^
  16 |   defaultOptions: {
  17 |     queries: {
  18 |       staleTime: 1000 * 60 * 5, // I dati rimangono "fresh" per 5 minuti
  Plugin: vite:react-babel
  File: /var/www/html/frontend/src/App.tsx:15:0
  13 |  
  14 |  // Inizializzazione del Query Client
  15 |  const queryClient = new QueryClient({
     |  ^
  16 |    defaultOptions: {
  17 |      queries: {
      at constructor (/var/www/html/frontend/node_modules/@babel/parser/lib/index.js:365:19)
      at TypeScriptParserMixin.raise (/var/www/html/frontend/node_modules/@babel/parser/lib/index.js:6599:19)
      at TypeScriptParserMixin.unexpected (/var/www/html/frontend/node_modules/@babel/parser/lib/index.js:6619:16)
      at TypeScriptParserMixin.expectContextual (/var/www/html/frontend/node_modules/@babel/parser/lib/index.js:6878:12)
      at TypeScriptParserMixin.parseImportSpecifiersAndAfter (/var/www/html/frontend/node_modules/@babel/parser/lib/index.js:14243:10)
      at TypeScriptParserMixin.parseImport (/var/www/html/frontend/node_modules/@babel/parser/lib/index.js:14235:17)
      at TypeScriptParserMixin.parseImport (/var/www/html/frontend/node_modules/@babel/parser/lib/index.js:9353:26)
      at TypeScriptParserMixin.parseStatementContent (/var/www/html/frontend/node_modules/@babel/parser/lib/index.js:12876:27)
      at TypeScriptParserMixin.parseStatementContent (/var/www/html/frontend/node_modules/@babel/parser/lib/index.js:9508:18)
      at TypeScriptParserMixin.parseStatementLike (/var/www/html/frontend/node_modules/@babel/parser/lib/index.js:12767:17)
      at TypeScriptParserMixin.parseModuleItem (/var/www/html/frontend/node_modules/@babel/parser/lib/index.js:12744:17)
      at TypeScriptParserMixin.parseBlockOrModuleBlockBody (/var/www/html/frontend/node_modules/@babel/parser/lib/index.js:13316:36)
      at TypeScriptParserMixin.parseBlockBody (/var/www/html/frontend/node_modules/@babel/parser/lib/index.js:13309:10)
      at TypeScriptParserMixin.parseProgram (/var/www/html/frontend/node_modules/@babel/parser/lib/index.js:12622:10)
      at TypeScriptParserMixin.parseTopLevel (/var/www/html/frontend/node_modules/@babel/parser/lib/index.js:12612:25)
      at TypeScriptParserMixin.parse (/var/www/html/frontend/node_modules/@babel/parser/lib/index.js:14488:25)
      at TypeScriptParserMixin.parse (/var/www/html/frontend/node_modules/@babel/parser/lib/index.js:10126:18)
      at parse (/var/www/html/frontend/node_modules/@babel/parser/lib/index.js:14522:38)
      at parser (/var/www/html/frontend/node_modules/@babel/core/lib/parser/index.js:41:34)
      at parser.next (<anonymous>)
      at normalizeFile (/var/www/html/frontend/node_modules/@babel/core/lib/transformation/normalize-file.js:64:37)
      at normalizeFile.next (<anonymous>)
      at run (/var/www/html/frontend/node_modules/@babel/core/lib/transformation/index.js:22:50)
      at run.next (<anonymous>)
      at transform (/var/www/html/frontend/node_modules/@babel/core/lib/transform.js:22:33)
      at transform.next (<anonymous>)
      at step (/var/www/html/frontend/node_modules/gensync/index.js:261:32)
      at /var/www/html/frontend/node_modules/gensync/index.js:273:13
      at async.call.result.err.err (/var/www/html/frontend/node_modules/gensync/index.js:223:11)
      at /var/www/html/frontend/node_modules/gensync/index.js:189:28
      at /var/www/html/frontend/node_modules/@babel/core/lib/gensync-utils/async.js:67:7
      at /var/www/html/frontend/node_modules/gensync/index.js:113:33
      at step (/var/www/html/frontend/node_modules/gensync/index.js:287:14)
      at /var/www/html/frontend/node_modules/gensync/index.js:273:13
      at async.call.result.err.err (/var/www/html/frontend/node_modules/gensync/index.js:223:11)
11:06:39 PM [vite] Internal server error: /var/www/html/frontend/src/App.tsx: Unexpected token, expected "from" (15:0)

  13 |
  14 | // Inizializzazione del Query Client
> 15 | const queryClient = new QueryClient({
     | ^
  16 |   defaultOptions: {
  17 |     queries: {
  18 |       staleTime: 1000 * 60 * 5, // I dati rimangono "fresh" per 5 minuti
  Plugin: vite:react-babel
  File: /var/www/html/frontend/src/App.tsx:15:0
  13 |  
  14 |  // Inizializzazione del Query Client
  15 |  const queryClient = new QueryClient({
     |  ^
  16 |    defaultOptions: {
  17 |      queries: {
      at constructor (/var/www/html/frontend/node_modules/@babel/parser/lib/index.js:365:19)
      at TypeScriptParserMixin.raise (/var/www/html/frontend/node_modules/@babel/parser/lib/index.js:6599:19)
      at TypeScriptParserMixin.unexpected (/var/www/html/frontend/node_modules/@babel/parser/lib/index.js:6619:16)
      at TypeScriptParserMixin.expectContextual (/var/www/html/frontend/node_modules/@babel/parser/lib/index.js:6878:12)
      at TypeScriptParserMixin.parseImportSpecifiersAndAfter (/var/www/html/frontend/node_modules/@babel/parser/lib/index.js:14243:10)
      at TypeScriptParserMixin.parseImport (/var/www/html/frontend/node_modules/@babel/parser/lib/index.js:14235:17)
      at TypeScriptParserMixin.parseImport (/var/www/html/frontend/node_modules/@babel/parser/lib/index.js:9353:26)
      at TypeScriptParserMixin.parseStatementContent (/var/www/html/frontend/node_modules/@babel/parser/lib/index.js:12876:27)
      at TypeScriptParserMixin.parseStatementContent (/var/www/html/frontend/node_modules/@babel/parser/lib/index.js:9508:18)
      at TypeScriptParserMixin.parseStatementLike (/var/www/html/frontend/node_modules/@babel/parser/lib/index.js:12767:17)
      at TypeScriptParserMixin.parseModuleItem (/var/www/html/frontend/node_modules/@babel/parser/lib/index.js:12744:17)
      at TypeScriptParserMixin.parseBlockOrModuleBlockBody (/var/www/html/frontend/node_modules/@babel/parser/lib/index.js:13316:36)
      at TypeScriptParserMixin.parseBlockBody (/var/www/html/frontend/node_modules/@babel/parser/lib/index.js:13309:10)
      at TypeScriptParserMixin.parseProgram (/var/www/html/frontend/node_modules/@babel/parser/lib/index.js:12622:10)
      at TypeScriptParserMixin.parseTopLevel (/var/www/html/frontend/node_modules/@babel/parser/lib/index.js:12612:25)
      at TypeScriptParserMixin.parse (/var/www/html/frontend/node_modules/@babel/parser/lib/index.js:14488:25)
      at TypeScriptParserMixin.parse (/var/www/html/frontend/node_modules/@babel/parser/lib/index.js:10126:18)
      at parse (/var/www/html/frontend/node_modules/@babel/parser/lib/index.js:14522:38)
      at parser (/var/www/html/frontend/node_modules/@babel/core/lib/parser/index.js:41:34)
      at parser.next (<anonymous>)
      at normalizeFile (/var/www/html/frontend/node_modules/@babel/core/lib/transformation/normalize-file.js:64:37)
      at normalizeFile.next (<anonymous>)
      at run (/var/www/html/frontend/node_modules/@babel/core/lib/transformation/index.js:22:50)
      at run.next (<anonymous>)
      at transform (/var/www/html/frontend/node_modules/@babel/core/lib/transform.js:22:33)
      at transform.next (<anonymous>)
      at step (/var/www/html/frontend/node_modules/gensync/index.js:261:32)
      at /var/www/html/frontend/node_modules/gensync/index.js:273:13
      at async.call.result.err.err (/var/www/html/frontend/node_modules/gensync/index.js:223:11)
      at /var/www/html/frontend/node_modules/gensync/index.js:189:28
      at /var/www/html/frontend/node_modules/@babel/core/lib/gensync-utils/async.js:67:7
      at /var/www/html/frontend/node_modules/gensync/index.js:113:33
      at step (/var/www/html/frontend/node_modules/gensync/index.js:287:14)
      at /var/www/html/frontend/node_modules/gensync/index.js:273:13
      at async.call.result.err.err (/var/www/html/frontend/node_modules/gensync/index.js:223:11)
